==============================================================================
Tests                                                                         
==============================================================================
Tests.DataDrivenTest                                                          
==============================================================================
Tests.DataDrivenTest.Search Weather :: Test Suites for Searching weather      
==============================================================================
Verify Searching Weather                                              | PASS |
------------------------------------------------------------------------------
Verify Searching Weather                                              | PASS |
------------------------------------------------------------------------------
Verify Searching Weather                                              | PASS |
------------------------------------------------------------------------------
Verify Searching Weather                                              | PASS |
------------------------------------------------------------------------------
Verify Searching Weather                                              | PASS |
------------------------------------------------------------------------------
Verify Searching Weather                                              | PASS |
------------------------------------------------------------------------------
Tests.DataDrivenTest.Search Weather :: Test Suites for Searching w... | PASS |
6 tests, 6 passed, 0 failed
==============================================================================
Tests.DataDrivenTest                                                  | PASS |
6 tests, 6 passed, 0 failed
==============================================================================
Tests                                                                 | PASS |
6 tests, 6 passed, 0 failed
==============================================================================
Output:  /Users/macbookpro/Desktop/AutomationChallenge/pabot_results/0/output.xml
