==============================================================================
Tests                                                                         
==============================================================================
Tests.SearchTheCityTest                                                       
==============================================================================
Tests.SearchTheCityTest.Search Weather :: Test Suites for Searching weather   
==============================================================================
User can search the city                                              | PASS |
------------------------------------------------------------------------------
User can select the options city                                      | FAIL |
26째C not match with 27째C: 26째C != 27째C
------------------------------------------------------------------------------
User can change temperature from metric to imperial                   | PASS |
------------------------------------------------------------------------------
Verify that information weather is displayed same as respsonse data   | PASS |
------------------------------------------------------------------------------
Tests.SearchTheCityTest.Search Weather :: Test Suites for Searchin... | FAIL |
4 tests, 3 passed, 1 failed
==============================================================================
Tests.SearchTheCityTest                                               | FAIL |
4 tests, 3 passed, 1 failed
==============================================================================
Tests                                                                 | FAIL |
4 tests, 3 passed, 1 failed
==============================================================================
Output:  /Users/macbookpro/Desktop/AutomationChallenge/pabot_results/1/output.xml
